0 info it worked if it ends with ok
1 verbose cli [ '/usr/bin/node', '/usr/bin/npm', 'install', '-g' ]
2 info using npm@1.1.66
3 info using node@v0.8.15
4 verbose read json /usr/lib/package.json
5 verbose read json /usr/lib/package.json
6 verbose cache add [ '.', null ]
7 silly cache add name=undefined spec="." args=[".",null]
8 verbose parsed url { pathname: '.', path: '.', href: '.' }
9 silly lockFile 3a52ce78- .
10 verbose lock . /home/pandaman/.npm/3a52ce78-.lock
11 verbose read json package.json
12 verbose tar pack [ '/home/pandaman/tmp/npm-5335/1356338079259-0.3987096077762544/tmp.tgz',
12 verbose tar pack   '.' ]
13 verbose tarball /home/pandaman/tmp/npm-5335/1356338079259-0.3987096077762544/tmp.tgz
14 verbose folder .
15 info prepublish gothamskies@0.0.2-27
16 silly lockFile d7956064-79259-0-3987096077762544-tmp-tgz /home/pandaman/tmp/npm-5335/1356338079259-0.3987096077762544/tmp.tgz
17 verbose lock /home/pandaman/tmp/npm-5335/1356338079259-0.3987096077762544/tmp.tgz /home/pandaman/.npm/d7956064-79259-0-3987096077762544-tmp-tgz.lock
18 silly lockFile d7956064-79259-0-3987096077762544-tmp-tgz /home/pandaman/tmp/npm-5335/1356338079259-0.3987096077762544/tmp.tgz
19 verbose tar unpack /home/pandaman/tmp/npm-5335/1356338079259-0.3987096077762544/tmp.tgz
20 silly lockFile a74c4aac-79259-0-3987096077762544-package /home/pandaman/tmp/npm-5335/1356338079259-0.3987096077762544/package
21 verbose lock /home/pandaman/tmp/npm-5335/1356338079259-0.3987096077762544/package /home/pandaman/.npm/a74c4aac-79259-0-3987096077762544-package.lock
22 silly gunzTarPerm modes [ '755', '644' ]
23 silly gunzTarPerm extractEntry package.json
24 silly gunzTarPerm extractEntry README.md
25 silly gunzTarPerm extractEntry web.js
26 silly gunzTarPerm extractEntry server.js
27 silly gunzTarPerm extractEntry dump.rdb
28 silly gunzTarPerm extractEntry Procfile
29 silly gunzTarPerm extractEntry views/login.jade
30 silly gunzTarPerm extractEntry views/index.jade
31 silly gunzTarPerm extractEntry views/signup.jade
32 silly gunzTarPerm extractEntry views/layout.jade
33 verbose read json /home/pandaman/tmp/npm-5335/1356338079259-0.3987096077762544/package/package.json
34 silly lockFile a74c4aac-79259-0-3987096077762544-package /home/pandaman/tmp/npm-5335/1356338079259-0.3987096077762544/package
35 verbose from cache /home/pandaman/tmp/npm-5335/1356338079259-0.3987096077762544/package/package.json
36 verbose tar pack [ '/home/pandaman/.npm/gothamskies/0.0.2-27/package.tgz',
36 verbose tar pack   '/home/pandaman/tmp/npm-5335/1356338079259-0.3987096077762544/package' ]
37 verbose tarball /home/pandaman/.npm/gothamskies/0.0.2-27/package.tgz
38 verbose folder /home/pandaman/tmp/npm-5335/1356338079259-0.3987096077762544/package
39 silly lockFile 53c421db-gothamskies-0-0-2-27-package-tgz /home/pandaman/.npm/gothamskies/0.0.2-27/package.tgz
40 verbose lock /home/pandaman/.npm/gothamskies/0.0.2-27/package.tgz /home/pandaman/.npm/53c421db-gothamskies-0-0-2-27-package-tgz.lock
41 silly lockFile 53c421db-gothamskies-0-0-2-27-package-tgz /home/pandaman/.npm/gothamskies/0.0.2-27/package.tgz
42 silly lockFile 363a13e1-npm-gothamskies-0-0-2-27-package /home/pandaman/.npm/gothamskies/0.0.2-27/package
43 verbose lock /home/pandaman/.npm/gothamskies/0.0.2-27/package /home/pandaman/.npm/363a13e1-npm-gothamskies-0-0-2-27-package.lock
44 silly lockFile 363a13e1-npm-gothamskies-0-0-2-27-package /home/pandaman/.npm/gothamskies/0.0.2-27/package
45 verbose tar unpack /home/pandaman/.npm/gothamskies/0.0.2-27/package.tgz
46 silly lockFile 363a13e1-npm-gothamskies-0-0-2-27-package /home/pandaman/.npm/gothamskies/0.0.2-27/package
47 verbose lock /home/pandaman/.npm/gothamskies/0.0.2-27/package /home/pandaman/.npm/363a13e1-npm-gothamskies-0-0-2-27-package.lock
48 silly gunzTarPerm modes [ '755', '644' ]
49 silly gunzTarPerm extractEntry package.json
50 silly gunzTarPerm extractEntry README.md
51 silly gunzTarPerm extractEntry web.js
52 silly gunzTarPerm extractEntry server.js
53 silly gunzTarPerm extractEntry dump.rdb
54 silly gunzTarPerm extractEntry Procfile
55 silly gunzTarPerm extractEntry views/login.jade
56 silly gunzTarPerm extractEntry views/index.jade
57 silly gunzTarPerm extractEntry views/signup.jade
58 silly gunzTarPerm extractEntry views/layout.jade
59 verbose read json /home/pandaman/.npm/gothamskies/0.0.2-27/package/package.json
60 silly lockFile 363a13e1-npm-gothamskies-0-0-2-27-package /home/pandaman/.npm/gothamskies/0.0.2-27/package
61 silly shasum updated bytes 2421
62 info shasum 380c7103e2e5e4a7047afc0a605536fa71f121f0
62 info shasum /home/pandaman/.npm/gothamskies/0.0.2-27/package.tgz
63 verbose from cache /home/pandaman/.npm/gothamskies/0.0.2-27/package/package.json
64 verbose chmod /home/pandaman/.npm/gothamskies/0.0.2-27/package.tgz 644
65 verbose chown /home/pandaman/.npm/gothamskies/0.0.2-27/package.tgz [ 1002, 100 ]
66 silly lockFile 3a52ce78- .
67 silly resolved [ { name: 'gothamskies',
67 silly resolved     version: '0.0.2-27',
67 silly resolved     dependencies:
67 silly resolved      { express: '3.x',
67 silly resolved        jade: '0.27.5',
67 silly resolved        mongoose: '3.2.1',
67 silly resolved        memjs: '0.1.x' },
67 silly resolved     subdomain: 'gothamskies',
67 silly resolved     scripts: { start: 'server.js' },
67 silly resolved     engines: { node: '0.8.x', npm: '1.1.x' },
67 silly resolved     readme: 'Hello, Sky!\n',
67 silly resolved     readmeFilename: 'README.md',
67 silly resolved     _id: 'gothamskies@0.0.2-27',
67 silly resolved     description: 'Hello, Sky!',
67 silly resolved     dist: { shasum: '380c7103e2e5e4a7047afc0a605536fa71f121f0' },
67 silly resolved     _from: '.' } ]
68 info install gothamskies@0.0.2-27 into /usr/lib
69 info installOne gothamskies@0.0.2-27
70 verbose from cache /home/pandaman/.npm/gothamskies/0.0.2-27/package/package.json
71 info /usr/lib/node_modules/gothamskies unbuild
72 verbose read json /usr/lib/node_modules/gothamskies/package.json
73 verbose tar unpack /home/pandaman/.npm/gothamskies/0.0.2-27/package.tgz
74 silly lockFile 3956534a-usr-lib-node-modules-gothamskies /usr/lib/node_modules/gothamskies
75 verbose lock /usr/lib/node_modules/gothamskies /home/pandaman/.npm/3956534a-usr-lib-node-modules-gothamskies.lock
76 silly gunzTarPerm modes [ '755', '644' ]
77 error Error: EACCES, mkdir '/usr/lib/node_modules/gothamskies'
77 error  { [Error: EACCES, mkdir '/usr/lib/node_modules/gothamskies']
77 error   errno: 3,
77 error   code: 'EACCES',
77 error   path: '/usr/lib/node_modules/gothamskies',
77 error   fstream_type: 'Directory',
77 error   fstream_path: '/usr/lib/node_modules/gothamskies',
77 error   fstream_class: 'DirWriter',
77 error   fstream_stack:
77 error    [ 'DirWriter._create (/usr/lib/node_modules/npm/node_modules/fstream/lib/dir-writer.js:36:23)',
77 error      '/usr/lib/node_modules/npm/node_modules/mkdirp/index.js:37:53',
77 error      'Object.oncomplete (fs.js:297:15)' ] }
78 error Please try running this command again as root/Administrator.
79 error System Linux 3.6.7-1-ARCH
80 error command "/usr/bin/node" "/usr/bin/npm" "install" "-g"
81 error cwd /home/pandaman/Repositories/gothamskies-node
82 error node -v v0.8.15
83 error npm -v 1.1.66
84 error path /usr/lib/node_modules/gothamskies
85 error fstream_path /usr/lib/node_modules/gothamskies
86 error fstream_type Directory
87 error fstream_class DirWriter
88 error code EACCES
89 error errno 3
90 error stack Error: EACCES, mkdir '/usr/lib/node_modules/gothamskies'
91 error fstream_stack DirWriter._create (/usr/lib/node_modules/npm/node_modules/fstream/lib/dir-writer.js:36:23)
91 error fstream_stack /usr/lib/node_modules/npm/node_modules/mkdirp/index.js:37:53
91 error fstream_stack Object.oncomplete (fs.js:297:15)
92 verbose exit [ 3, true ]
